<?xml version="1.0" encoding="UTF-8"?>
<!-- Generated by org.testng.reporters.JUnitXMLReporter -->
<testsuite hostname="BerlinManickam" name="Default test" tests="5" failures="0" timestamp="7 Oct 2023 22:33:34 GMT" time="15.714" errors="0">
  <testcase name="loginWithInvalidUserNameAndValidPassword" time="2.696" classname="org.lloyds.LloydsLoginValidation"/>
  <testcase name="loginwithValidUserNameAndInvalidPassword" time="0.72" classname="org.lloyds.LloydsLoginValidation"/>
  <testcase name="forgotPassword" time="1.631" classname="org.lloyds.LloydsLoginValidation"/>
  <testcase name="createAccount" time="0.901" classname="org.lloyds.LloydsLoginValidation"/>
  <testcase name="loginWithValidUserNameAndValidPassword" time="4.531" classname="org.lloyds.LloydsLoginValidation"/>
</testsuite> <!-- Default test -->
