<?xml version="1.0" encoding="UTF-8"?>
<!-- Generated by org.testng.reporters.JUnitXMLReporter -->
<testsuite hostname="BerlinManickam" name="Test" tests="6" failures="0" timestamp="7 Oct 2023 22:40:02 GMT" time="22.06" errors="0">
  <testcase name="loginWithInvalidUserNameAndValidPassword" time="3.922" classname="org.lloyds.LloydsLoginValidation"/>
  <testcase name="loginwithValidUserNameAndInvalidPassword" time="0.745" classname="org.lloyds.LloydsLoginValidation"/>
  <testcase name="forgotPassword" time="1.558" classname="org.lloyds.LloydsLoginValidation"/>
  <testcase name="createAccount" time="1.448" classname="org.lloyds.LloydsLoginValidation"/>
  <testcase name="loginWithValidUserNameAndValidPassword" time="0.758" classname="org.lloyds.LloydsLoginValidation"/>
  <testcase name="productSelection" time="5.942" classname="org.lloyds.LloydsProductSelection"/>
</testsuite> <!-- Test -->
